# Preference setting overrides
gui_create_pref_key -category {Globals} -key {load_detail_for_funcov} -value_type {bool} -value {false}

# State setting overrides
gui_state_default_create -off -ini
gui_set_state_value -category Globals -key recent_databases -value {{gui_open_db -file /home/ecelrc/students/jliu1/sum/hw1b.dump.vpd -design V1} {gui_open_db -file /home/ecelrc/students/jliu1/sum/hw1b.dump.vpd -design V2} {gui_open_db -file /home/ecelrc/students/jliu1/sum/alu.dump.vpd -design V1} {gui_open_db -file /home/ecelrc/students/jliu1/sum/mux.dump.vpd -design V1} {gui_open_db -file /home/ecelrc/students/jliu1/sum/add.dump.vpd -design V1}}
gui_set_state_value -category Layout -key child_console_size_x -value 1898
gui_set_state_value -category Layout -key child_console_size_y -value 178
gui_set_state_value -category Layout -key child_data_coltype -value 443
gui_set_state_value -category Layout -key child_data_colvalue -value 491
gui_set_state_value -category Layout -key child_data_colvariable -value 532
gui_set_state_value -category Layout -key child_data_docknewline -value false
gui_set_state_value -category Layout -key child_data_dockstate -value undocked
gui_set_state_value -category Layout -key child_data_pos_x -value {-2}
gui_set_state_value -category Layout -key child_data_pos_y -value {-17}
gui_set_state_value -category Layout -key child_data_showstate -value maximized
gui_set_state_value -category Layout -key child_data_size_x -value 1475
gui_set_state_value -category Layout -key child_data_size_y -value 718
gui_set_state_value -category Layout -key child_driver_size_x -value 1603
gui_set_state_value -category Layout -key child_driver_size_y -value 179
gui_set_state_value -category Layout -key child_hier_col3 -value {-1}
gui_set_state_value -category Layout -key child_hier_colhier -value 235
gui_set_state_value -category Layout -key child_hier_colpd -value 0
gui_set_state_value -category Layout -key child_hier_coltype -value 195
gui_set_state_value -category Layout -key child_hier_size_x -value 427
gui_set_state_value -category Layout -key child_hier_size_y -value 750
gui_set_state_value -category Layout -key child_source_docknewline -value false
gui_set_state_value -category Layout -key child_source_pos_x -value {-2}
gui_set_state_value -category Layout -key child_source_pos_y -value {-17}
gui_set_state_value -category Layout -key child_source_size_x -value 1475
gui_set_state_value -category Layout -key child_source_size_y -value 746
gui_set_state_value -category Layout -key child_wave_colname -value 269
gui_set_state_value -category Layout -key child_wave_colvalue -value 269
gui_set_state_value -category Layout -key child_wave_left -value 542
gui_set_state_value -category Layout -key child_wave_right -value 1321
gui_set_state_value -category Layout -key main_pos_y -value 23
gui_set_state_value -category Layout -key main_size_x -value 1903
gui_set_state_value -category Layout -key main_size_y -value 1037
gui_set_state_value -category Layout -key stand_wave_child_docknewline -value false
gui_set_state_value -category Layout -key stand_wave_child_pos_x -value {-2}
gui_set_state_value -category Layout -key stand_wave_child_pos_y -value {-17}
gui_set_state_value -category Layout -key stand_wave_child_size_x -value 1873
gui_set_state_value -category Layout -key stand_wave_child_size_y -value 837
gui_set_state_value -category Layout -key stand_wave_top_pos_x -value 46
gui_set_state_value -category Layout -key stand_wave_top_pos_y -value 86
gui_set_state_value -category Layout -key stand_wave_top_size_x -value 1914
gui_set_state_value -category Layout -key stand_wave_top_size_y -value 1013
gui_create_state_key -category FindDialog -key m_pMatchCase -value_type bool -value false
gui_create_state_key -category FindDialog -key m_pMatchWord -value_type bool -value false
gui_create_state_key -category FindDialog -key m_pUseCombo -value_type string -value {}
gui_create_state_key -category FindDialog -key m_pWrapAround -value_type bool -value true
gui_create_state_key -category Widget_History -key {dlgSimSetup|m_setupTab|tab pages|SimTab|m_VPDCombo} -value_type string -value inter.vpd
gui_create_state_key -category Widget_History -key {dlgSimSetup|m_setupTab|tab pages|SimTab|m_curDirCombo} -value_type string -value /home/ecelrc/students/jliu1/tutorial
gui_create_state_key -category Widget_History -key {dlgSimSetup|m_setupTab|tab pages|SimTab|m_exeCombo} -value_type string -value simv
gui_state_default_create -off

# Begin command logging
gui_set_time_units 1ns
gui_open_db -file /home/ecelrc/students/jliu1/lc3_x86v0/alu/adder/hw1b.dump.vpd -design V1
gui_list_expand -id  Hier.1   TOP
gui_list_select -id Hier.1 -current_item_name TOP.alu_main -current_item_type Scope  -selected  { TOP.alu_main   }
gui_list_select -id Hier.1 -current_item_name TOP.muxa -current_item_type Scope  -selected  { TOP.muxa   }
gui_list_select -id Hier.1 -current_item_name TOP.muxb -current_item_type Scope  -selected  { TOP.muxb   }
gui_list_select -id Hier.1 -current_item_name TOP.reg0 -current_item_type Scope  -selected  { TOP.reg0   }
gui_list_select -id Hier.1 -current_item_name TOP.muxb -current_item_type Scope  -selected  { TOP.muxb   }
gui_list_select -id Hier.1 -current_item_name TOP.muxa -current_item_type Scope  -selected  { TOP.muxa   }
gui_list_select -id Hier.1 -current_item_name TOP.alu_main -current_item_type Scope  -selected  { TOP.alu_main   }
gui_open_window Wave
gui_list_add -id Wave.1 -from Hier.1 { TOP.alu_main } -insertionbar
gui_zoom -window Wave.1 -factor 0.5
gui_zoom -window Wave.1 -factor 0.5
gui_zoom -window Wave.1 -factor 0.5
gui_zoom -window Wave.1 -factor 0.5
gui_zoom -window Wave.1 -factor 2
gui_zoom -window Wave.1 -factor 2
gui_close_db -file /home/ecelrc/students/jliu1/lc3_x86v0/alu/adder/hw1b.dump.vpd -design V1
gui_close_window -window TopLevel.2
